c:\other\education\umhb\2017\spring\cisc4305\projects\projectfinal\project\ikgcontacts\debug\vc140.pdb
c:\other\education\umhb\2017\spring\cisc4305\projects\projectfinal\project\ikgcontacts\debug\mainwindow.obj
c:\other\education\umhb\2017\spring\cisc4305\projects\projectfinal\project\ikgcontacts\debug\main.obj
c:\other\education\umhb\2017\spring\cisc4305\projects\projectfinal\project\ikgcontacts\debug\file.obj
c:\other\education\umhb\2017\spring\cisc4305\projects\projectfinal\project\ikgcontacts\debug\contactlist.obj
c:\other\education\umhb\2017\spring\cisc4305\projects\projectfinal\project\ikgcontacts\debug\contact.obj
c:\other\education\umhb\2017\spring\cisc4305\projects\projectfinal\project\ikgcontacts\debug\.netframework,version=v4.0.assemblyattributes.obj
c:\other\education\umhb\2017\spring\cisc4305\projects\projectfinal\project\ikgcontacts\debug\.netframework,version=v4.0.assemblyattributes.asm
c:\other\education\umhb\2017\spring\cisc4305\projects\projectfinal\project\ikgcontacts\debug\ikgcontacts.mainwindow.resources
c:\other\education\umhb\2017\spring\cisc4305\projects\projectfinal\project\ikgcontacts\debug\ikgcontacts.exe
c:\other\education\umhb\2017\spring\cisc4305\projects\projectfinal\project\ikgcontacts\debug\ikgcontacts.pdb
c:\other\education\umhb\2017\spring\cisc4305\projects\projectfinal\project\ikgcontacts\debug\ikgcontacts.vcxproj.generateresource.cache
c:\other\education\umhb\2017\spring\cisc4305\projects\projectfinal\project\ikgcontacts\debug\ikgcontacts.vcxprojresolveassemblyreference.cache
c:\other\education\umhb\2017\spring\cisc4305\projects\projectfinal\project\ikgcontacts\debug\ikgcontacts.exe.metagen
c:\other\education\umhb\2017\spring\cisc4305\projects\projectfinal\project\ikgcontacts\debug\ikgcontacts.tlog\cl.command.1.tlog
c:\other\education\umhb\2017\spring\cisc4305\projects\projectfinal\project\ikgcontacts\debug\ikgcontacts.tlog\cl.read.1.tlog
c:\other\education\umhb\2017\spring\cisc4305\projects\projectfinal\project\ikgcontacts\debug\ikgcontacts.tlog\cl.write.1.tlog
c:\other\education\umhb\2017\spring\cisc4305\projects\projectfinal\project\ikgcontacts\debug\ikgcontacts.tlog\ikgcontacts.write.1u.tlog
c:\other\education\umhb\2017\spring\cisc4305\projects\projectfinal\project\ikgcontacts\debug\ikgcontacts.tlog\link.command.1.tlog
c:\other\education\umhb\2017\spring\cisc4305\projects\projectfinal\project\ikgcontacts\debug\ikgcontacts.tlog\link.read.1.tlog
c:\other\education\umhb\2017\spring\cisc4305\projects\projectfinal\project\ikgcontacts\debug\ikgcontacts.tlog\link.write.1.tlog
c:\other\education\umhb\2017\spring\cisc4305\projects\projectfinal\project\ikgcontacts\debug\ikgcontacts.tlog\metagen.read.1.tlog
c:\other\education\umhb\2017\spring\cisc4305\projects\projectfinal\project\ikgcontacts\debug\ikgcontacts.tlog\metagen.write.1.tlog
c:\other\education\umhb\2017\spring\cisc4305\projects\projectfinal\project\ikgcontacts\debug\ikgcontacts.tlog\tzres.dll.bi
